# JRE version: OpenJDK Runtime Environment (17.0.9) (build 17.0.9+0--11185874)
# Java VM: OpenJDK 64-Bit Server VM (17.0.9+0--11185874, mixed mode, tiered, compressed oops, compressed class ptrs, g1 gc, windows-amd64)
GC Precious Log:
 CPUs: 4 total, 4 available
 Memory: 10153M
 Large Page Support: Disabled
 NUMA Support: Disabled
 Compressed Oops: Enabled (32-bit)
 Heap Region Size: 1M
 Heap Min Capacity: 8M
 Heap Initial Capacity: 160M
 Heap Max Capacity: 2G
 Pre-touch: Disabled
 Parallel Workers: 4
 Concurrent Workers: 1
 Concurrent Refinement Workers: 4
 Periodic GC: Disabled
Heap:
 garbage-first heap   total 211968K, used 191181K [0x0000000080000000, 0x0000000100000000)
  region size 1024K, 2 young (2048K), 2 survivors (2048K)
 Metaspace       used 123500K, committed 124416K, reserved 1179648K
  class space    used 16125K, committed 16576K, reserved 1048576K
GC Heap History (20 events):
Event: 1348.769 GC heap after
{Heap after GC invocations=66 (full 0):
 garbage-first heap   total 176128K, used 146329K [0x0000000080000000, 0x0000000100000000)
  region size 1024K, 2 young (2048K), 2 survivors (2048K)
 Metaspace       used 119927K, committed 120832K, reserved 1179648K
  class space    used 15627K, committed 16064K, reserved 1048576K
}
Event: 1348.913 GC heap before
{Heap before GC invocations=66 (full 0):
 garbage-first heap   total 176128K, used 153497K [0x0000000080000000, 0x0000000100000000)
  region size 1024K, 9 young (9216K), 2 survivors (2048K)
 Metaspace       used 120313K, committed 121280K, reserved 1179648K
  class space    used 15673K, committed 16128K, reserved 1048576K
}
Event: 1348.917 GC heap after
{Heap after GC invocations=67 (full 0):
 garbage-first heap   total 176128K, used 147137K [0x0000000080000000, 0x0000000100000000)
  region size 1024K, 1 young (1024K), 1 survivors (1024K)
 Metaspace       used 120313K, committed 121280K, reserved 1179648K
  class space    used 15673K, committed 16128K, reserved 1048576K
}
Event: 1349.127 GC heap before
{Heap before GC invocations=67 (full 0):
 garbage-first heap   total 176128K, used 154305K [0x0000000080000000, 0x0000000100000000)
  region size 1024K, 8 young (8192K), 1 survivors (1024K)
 Metaspace       used 120736K, committed 121664K, reserved 1179648K
  class space    used 15735K, committed 16192K, reserved 1048576K
}
Event: 1349.131 GC heap after
{Heap after GC invocations=68 (full 0):
 garbage-first heap   total 211968K, used 148138K [0x0000000080000000, 0x0000000100000000)
  region size 1024K, 1 young (1024K), 1 survivors (1024K)
 Metaspace       used 120736K, committed 121664K, reserved 1179648K
  class space    used 15735K, committed 16192K, reserved 1048576K
}
Event: 1350.152 GC heap before
{Heap before GC invocations=68 (full 0):
 garbage-first heap   total 211968K, used 176810K [0x0000000080000000, 0x0000000100000000)
  region size 1024K, 30 young (30720K), 1 survivors (1024K)
 Metaspace       used 121619K, committed 122496K, reserved 1179648K
  class space    used 15921K, committed 16320K, reserved 1048576K
}
Event: 1350.159 GC heap after
{Heap after GC invocations=69 (full 0):
 garbage-first heap   total 211968K, used 150200K [0x0000000080000000, 0x0000000100000000)
  region size 1024K, 3 young (3072K), 3 survivors (3072K)
 Metaspace       used 121619K, committed 122496K, reserved 1179648K
  class space    used 15921K, committed 16320K, reserved 1048576K
}
Event: 1351.001 GC heap before
{Heap before GC invocations=69 (full 0):
 garbage-first heap   total 211968K, used 179896K [0x0000000080000000, 0x0000000100000000)
  region size 1024K, 31 young (31744K), 3 survivors (3072K)
 Metaspace       used 122621K, committed 123584K, reserved 1179648K
  class space    used 16052K, committed 16512K, reserved 1048576K
}
Event: 1351.009 GC heap after
{Heap after GC invocations=70 (full 0):
 garbage-first heap   total 211968K, used 157653K [0x0000000080000000, 0x0000000100000000)
  region size 1024K, 4 young (4096K), 4 survivors (4096K)
 Metaspace       used 122621K, committed 123584K, reserved 1179648K
  class space    used 16052K, committed 16512K, reserved 1048576K
}
Event: 1351.604 GC heap before
{Heap before GC invocations=70 (full 0):
 garbage-first heap   total 211968K, used 177109K [0x0000000080000000, 0x0000000100000000)
  region size 1024K, 23 young (23552K), 4 survivors (4096K)
 Metaspace       used 123076K, committed 123968K, reserved 1179648K
  class space    used 16104K, committed 16512K, reserved 1048576K
}
Event: 1351.612 GC heap after
{Heap after GC invocations=71 (full 0):
 garbage-first heap   total 211968K, used 166307K [0x0000000080000000, 0x0000000100000000)
  region size 1024K, 3 young (3072K), 3 survivors (3072K)
 Metaspace       used 123076K, committed 123968K, reserved 1179648K
  class space    used 16104K, committed 16512K, reserved 1048576K
}
Event: 1352.140 GC heap before
{Heap before GC invocations=71 (full 0):
 garbage-first heap   total 211968K, used 176547K [0x0000000080000000, 0x0000000100000000)
  region size 1024K, 14 young (14336K), 3 survivors (3072K)
 Metaspace       used 123384K, committed 124288K, reserved 1179648K
  class space    used 16125K, committed 16576K, reserved 1048576K
}
Event: 1352.146 GC heap after
{Heap after GC invocations=72 (full 0):
 garbage-first heap   total 211968K, used 169984K [0x0000000080000000, 0x0000000100000000)
  region size 1024K, 2 young (2048K), 2 survivors (2048K)
 Metaspace       used 123384K, committed 124288K, reserved 1179648K
  class space    used 16125K, committed 16576K, reserved 1048576K
}
Event: 1352.473 GC heap before
{Heap before GC invocations=72 (full 0):
 garbage-first heap   total 211968K, used 179200K [0x0000000080000000, 0x0000000100000000)
  region size 1024K, 11 young (11264K), 2 survivors (2048K)
 Metaspace       used 123422K, committed 124352K, reserved 1179648K
  class space    used 16125K, committed 16576K, reserved 1048576K
}
Event: 1352.481 GC heap after
{Heap after GC invocations=73 (full 0):
 garbage-first heap   total 211968K, used 173552K [0x0000000080000000, 0x0000000100000000)
  region size 1024K, 2 young (2048K), 2 survivors (2048K)
 Metaspace       used 123422K, committed 124352K, reserved 1179648K
  class space    used 16125K, committed 16576K, reserved 1048576K
}
Event: 1352.640 GC heap before
{Heap before GC invocations=73 (full 0):
 garbage-first heap   total 211968K, used 189936K [0x0000000080000000, 0x0000000100000000)
  region size 1024K, 10 young (10240K), 2 survivors (2048K)
 Metaspace       used 123433K, committed 124352K, reserved 1179648K
  class space    used 16125K, committed 16576K, reserved 1048576K
}
Event: 1352.648 GC heap after
{Heap after GC invocations=74 (full 0):
 garbage-first heap   total 211968K, used 182444K [0x0000000080000000, 0x0000000100000000)
  region size 1024K, 2 young (2048K), 2 survivors (2048K)
 Metaspace       used 123433K, committed 124352K, reserved 1179648K
  class space    used 16125K, committed 16576K, reserved 1048576K
}
Event: 1352.785 GC heap before
{Heap before GC invocations=74 (full 0):
 garbage-first heap   total 211968K, used 190636K [0x0000000080000000, 0x0000000100000000)
  region size 1024K, 10 young (10240K), 2 survivors (2048K)
 Metaspace       used 123473K, committed 124352K, reserved 1179648K
  class space    used 16125K, committed 16576K, reserved 1048576K
}
Event: 1352.793 GC heap after
{Heap after GC invocations=75 (full 0):
 garbage-first heap   total 211968K, used 186864K [0x0000000080000000, 0x0000000100000000)
  region size 1024K, 2 young (2048K), 2 survivors (2048K)
 Metaspace       used 123473K, committed 124352K, reserved 1179648K
  class space    used 16125K, committed 16576K, reserved 1048576K
}
Event: 1352.975 GC heap before
{Heap before GC invocations=75 (full 0):
 garbage-first heap   total 211968K, used 195056K [0x0000000080000000, 0x0000000100000000)
  region size 1024K, 10 young (10240K), 2 survivors (2048K)
 Metaspace       used 123500K, committed 124416K, reserved 1179648K
  class space    used 16125K, committed 16576K, reserved 1048576K
}

