# JRE version: OpenJDK Runtime Environment (17.0.9) (build 17.0.9+0--11185874)
# Java VM: OpenJDK 64-Bit Server VM (17.0.9+0--11185874, mixed mode, tiered, compressed oops, compressed class ptrs, g1 gc, windows-amd64)
GC Precious Log:
 CPUs: 4 total, 4 available
 Memory: 10153M
 Large Page Support: Disabled
 NUMA Support: Disabled
 Compressed Oops: Enabled (32-bit)
 Heap Region Size: 1M
 Heap Min Capacity: 8M
 Heap Initial Capacity: 160M
 Heap Max Capacity: 2G
 Pre-touch: Disabled
 Parallel Workers: 4
 Concurrent Workers: 1
 Concurrent Refinement Workers: 4
 Periodic GC: Disabled
Heap:
 garbage-first heap   total 287744K, used 257643K [0x0000000080000000, 0x0000000100000000)
  region size 1024K, 8 young (8192K), 2 survivors (2048K)
 Metaspace       used 162553K, committed 164032K, reserved 1245184K
  class space    used 21482K, committed 22208K, reserved 1048576K
GC Heap History (20 events):
Event: 629.577 GC heap before
{Heap before GC invocations=94 (full 0):
 garbage-first heap   total 287744K, used 250413K [0x0000000080000000, 0x0000000100000000)
  region size 1024K, 15 young (15360K), 1 survivors (1024K)
 Metaspace       used 161981K, committed 163392K, reserved 1245184K
  class space    used 21428K, committed 22144K, reserved 1048576K
}
Event: 629.583 GC heap after
{Heap after GC invocations=95 (full 0):
 garbage-first heap   total 287744K, used 238658K [0x0000000080000000, 0x0000000100000000)
  region size 1024K, 2 young (2048K), 2 survivors (2048K)
 Metaspace       used 161981K, committed 163392K, reserved 1245184K
  class space    used 21428K, committed 22144K, reserved 1048576K
}
Event: 630.017 GC heap before
{Heap before GC invocations=95 (full 0):
 garbage-first heap   total 287744K, used 250946K [0x0000000080000000, 0x0000000100000000)
  region size 1024K, 15 young (15360K), 2 survivors (2048K)
 Metaspace       used 161994K, committed 163392K, reserved 1245184K
  class space    used 21428K, committed 22144K, reserved 1048576K
}
Event: 630.026 GC heap after
{Heap after GC invocations=96 (full 0):
 garbage-first heap   total 287744K, used 240495K [0x0000000080000000, 0x0000000100000000)
  region size 1024K, 2 young (2048K), 2 survivors (2048K)
 Metaspace       used 161994K, committed 163392K, reserved 1245184K
  class space    used 21428K, committed 22144K, reserved 1048576K
}
Event: 630.561 GC heap before
{Heap before GC invocations=96 (full 0):
 garbage-first heap   total 287744K, used 251759K [0x0000000080000000, 0x0000000100000000)
  region size 1024K, 14 young (14336K), 2 survivors (2048K)
 Metaspace       used 162033K, committed 163456K, reserved 1245184K
  class space    used 21428K, committed 22144K, reserved 1048576K
}
Event: 630.571 GC heap after
{Heap after GC invocations=97 (full 0):
 garbage-first heap   total 287744K, used 242176K [0x0000000080000000, 0x0000000100000000)
  region size 1024K, 2 young (2048K), 2 survivors (2048K)
 Metaspace       used 162033K, committed 163456K, reserved 1245184K
  class space    used 21428K, committed 22144K, reserved 1048576K
}
Event: 631.128 GC heap before
{Heap before GC invocations=97 (full 0):
 garbage-first heap   total 287744K, used 253440K [0x0000000080000000, 0x0000000100000000)
  region size 1024K, 14 young (14336K), 2 survivors (2048K)
 Metaspace       used 162101K, committed 163520K, reserved 1245184K
  class space    used 21432K, committed 22144K, reserved 1048576K
}
Event: 631.139 GC heap after
{Heap after GC invocations=98 (full 0):
 garbage-first heap   total 287744K, used 243881K [0x0000000080000000, 0x0000000100000000)
  region size 1024K, 2 young (2048K), 2 survivors (2048K)
 Metaspace       used 162101K, committed 163520K, reserved 1245184K
  class space    used 21432K, committed 22144K, reserved 1048576K
}
Event: 632.209 GC heap before
{Heap before GC invocations=98 (full 0):
 garbage-first heap   total 287744K, used 256169K [0x0000000080000000, 0x0000000100000000)
  region size 1024K, 14 young (14336K), 2 survivors (2048K)
 Metaspace       used 162107K, committed 163520K, reserved 1245184K
  class space    used 21432K, committed 22144K, reserved 1048576K
}
Event: 632.216 GC heap after
{Heap after GC invocations=99 (full 0):
 garbage-first heap   total 287744K, used 245222K [0x0000000080000000, 0x0000000100000000)
  region size 1024K, 2 young (2048K), 2 survivors (2048K)
 Metaspace       used 162107K, committed 163520K, reserved 1245184K
  class space    used 21432K, committed 22144K, reserved 1048576K
}
Event: 632.522 GC heap before
{Heap before GC invocations=99 (full 0):
 garbage-first heap   total 287744K, used 256486K [0x0000000080000000, 0x0000000100000000)
  region size 1024K, 14 young (14336K), 2 survivors (2048K)
 Metaspace       used 162131K, committed 163584K, reserved 1245184K
  class space    used 21432K, committed 22144K, reserved 1048576K
}
Event: 632.528 GC heap after
{Heap after GC invocations=100 (full 0):
 garbage-first heap   total 287744K, used 246312K [0x0000000080000000, 0x0000000100000000)
  region size 1024K, 2 young (2048K), 2 survivors (2048K)
 Metaspace       used 162131K, committed 163584K, reserved 1245184K
  class space    used 21432K, committed 22144K, reserved 1048576K
}
Event: 632.643 GC heap before
{Heap before GC invocations=100 (full 0):
 garbage-first heap   total 287744K, used 257576K [0x0000000080000000, 0x0000000100000000)
  region size 1024K, 14 young (14336K), 2 survivors (2048K)
 Metaspace       used 162144K, committed 163584K, reserved 1245184K
  class space    used 21432K, committed 22144K, reserved 1048576K
}
Event: 632.648 GC heap after
{Heap after GC invocations=101 (full 0):
 garbage-first heap   total 287744K, used 247252K [0x0000000080000000, 0x0000000100000000)
  region size 1024K, 2 young (2048K), 2 survivors (2048K)
 Metaspace       used 162144K, committed 163584K, reserved 1245184K
  class space    used 21432K, committed 22144K, reserved 1048576K
}
Event: 696.499 GC heap before
{Heap before GC invocations=101 (full 0):
 garbage-first heap   total 287744K, used 258516K [0x0000000080000000, 0x0000000100000000)
  region size 1024K, 14 young (14336K), 2 survivors (2048K)
 Metaspace       used 162246K, committed 163712K, reserved 1245184K
  class space    used 21438K, committed 22144K, reserved 1048576K
}
Event: 696.505 GC heap after
{Heap after GC invocations=102 (full 0):
 garbage-first heap   total 287744K, used 248688K [0x0000000080000000, 0x0000000100000000)
  region size 1024K, 2 young (2048K), 2 survivors (2048K)
 Metaspace       used 162246K, committed 163712K, reserved 1245184K
  class space    used 21438K, committed 22144K, reserved 1048576K
}
Event: 696.900 GC heap before
{Heap before GC invocations=102 (full 0):
 garbage-first heap   total 287744K, used 260976K [0x0000000080000000, 0x0000000100000000)
  region size 1024K, 14 young (14336K), 2 survivors (2048K)
 Metaspace       used 162250K, committed 163712K, reserved 1245184K
  class space    used 21439K, committed 22144K, reserved 1048576K
}
Event: 696.910 GC heap after
{Heap after GC invocations=103 (full 0):
 garbage-first heap   total 287744K, used 250232K [0x0000000080000000, 0x0000000100000000)
  region size 1024K, 2 young (2048K), 2 survivors (2048K)
 Metaspace       used 162250K, committed 163712K, reserved 1245184K
  class space    used 21439K, committed 22144K, reserved 1048576K
}
Event: 697.868 GC heap before
{Heap before GC invocations=103 (full 0):
 garbage-first heap   total 287744K, used 262520K [0x0000000080000000, 0x0000000100000000)
  region size 1024K, 14 young (14336K), 2 survivors (2048K)
 Metaspace       used 162420K, committed 163904K, reserved 1245184K
  class space    used 21466K, committed 22208K, reserved 1048576K
}
Event: 697.878 GC heap after
{Heap after GC invocations=104 (full 0):
 garbage-first heap   total 287744K, used 252523K [0x0000000080000000, 0x0000000100000000)
  region size 1024K, 2 young (2048K), 2 survivors (2048K)
 Metaspace       used 162420K, committed 163904K, reserved 1245184K
  class space    used 21466K, committed 22208K, reserved 1048576K
}

