# JRE version: OpenJDK Runtime Environment (11.0.13) (build 11.0.13+0-b1751.21-8125866)
# Java VM: OpenJDK 64-Bit Server VM (11.0.13+0-b1751.21-8125866, mixed mode, tiered, compressed oops, g1 gc, windows-amd64)
Heap:
 garbage-first heap   total 590848K, used 273843K [0x0000000080000000, 0x0000000100000000)
  region size 1024K, 10 young (10240K), 10 survivors (10240K)
 Metaspace       used 157904K, capacity 161731K, committed 161920K, reserved 1189888K
  class space    used 19103K, capacity 20572K, committed 20608K, reserved 1048576K
GC Heap History (20 events):
Event: 4291.518 GC heap after
{Heap after GC invocations=177 (full 0):
 garbage-first heap   total 342016K, used 220125K [0x0000000080000000, 0x0000000100000000)
  region size 1024K, 3 young (3072K), 3 survivors (3072K)
 Metaspace       used 157610K, capacity 161403K, committed 161664K, reserved 1189888K
  class space    used 19093K, capacity 20561K, committed 20608K, reserved 1048576K
}
Event: 4291.924 GC heap before
{Heap before GC invocations=177 (full 0):
 garbage-first heap   total 342016K, used 298973K [0x0000000080000000, 0x0000000100000000)
  region size 1024K, 81 young (82944K), 3 survivors (3072K)
 Metaspace       used 157622K, capacity 161404K, committed 161664K, reserved 1189888K
  class space    used 19093K, capacity 20561K, committed 20608K, reserved 1048576K
}
Event: 4291.930 GC heap after
{Heap after GC invocations=178 (full 0):
 garbage-first heap   total 342016K, used 222653K [0x0000000080000000, 0x0000000100000000)
  region size 1024K, 6 young (6144K), 6 survivors (6144K)
 Metaspace       used 157622K, capacity 161404K, committed 161664K, reserved 1189888K
  class space    used 19093K, capacity 20561K, committed 20608K, reserved 1048576K
}
Event: 4292.263 GC heap before
{Heap before GC invocations=178 (full 0):
 garbage-first heap   total 342016K, used 298429K [0x0000000080000000, 0x0000000100000000)
  region size 1024K, 80 young (81920K), 6 survivors (6144K)
 Metaspace       used 157654K, capacity 161469K, committed 161664K, reserved 1189888K
  class space    used 19093K, capacity 20561K, committed 20608K, reserved 1048576K
}
Event: 4292.276 GC heap after
{Heap after GC invocations=179 (full 0):
 garbage-first heap   total 342016K, used 228196K [0x0000000080000000, 0x0000000100000000)
  region size 1024K, 10 young (10240K), 10 survivors (10240K)
 Metaspace       used 157654K, capacity 161469K, committed 161664K, reserved 1189888K
  class space    used 19093K, capacity 20561K, committed 20608K, reserved 1048576K
}
Event: 4292.505 GC heap before
{Heap before GC invocations=179 (full 0):
 garbage-first heap   total 342016K, used 293732K [0x0000000080000000, 0x0000000100000000)
  region size 1024K, 75 young (76800K), 10 survivors (10240K)
 Metaspace       used 157657K, capacity 161470K, committed 161664K, reserved 1189888K
  class space    used 19093K, capacity 20561K, committed 20608K, reserved 1048576K
}
Event: 4292.526 GC heap after
{Heap after GC invocations=180 (full 0):
 garbage-first heap   total 342016K, used 232798K [0x0000000080000000, 0x0000000100000000)
  region size 1024K, 7 young (7168K), 7 survivors (7168K)
 Metaspace       used 157657K, capacity 161470K, committed 161664K, reserved 1189888K
  class space    used 19093K, capacity 20561K, committed 20608K, reserved 1048576K
}
Event: 4292.741 GC heap before
{Heap before GC invocations=180 (full 0):
 garbage-first heap   total 342016K, used 293214K [0x0000000080000000, 0x0000000100000000)
  region size 1024K, 66 young (67584K), 7 survivors (7168K)
 Metaspace       used 157667K, capacity 161472K, committed 161664K, reserved 1189888K
  class space    used 19093K, capacity 20561K, committed 20608K, reserved 1048576K
}
Event: 4292.774 GC heap after
{Heap after GC invocations=181 (full 0):
 garbage-first heap   total 342016K, used 237802K [0x0000000080000000, 0x0000000100000000)
  region size 1024K, 5 young (5120K), 5 survivors (5120K)
 Metaspace       used 157667K, capacity 161472K, committed 161664K, reserved 1189888K
  class space    used 19093K, capacity 20561K, committed 20608K, reserved 1048576K
}
Event: 4293.445 GC heap before
{Heap before GC invocations=182 (full 0):
 garbage-first heap   total 342016K, used 293098K [0x0000000080000000, 0x0000000100000000)
  region size 1024K, 60 young (61440K), 5 survivors (5120K)
 Metaspace       used 157686K, capacity 161485K, committed 161664K, reserved 1189888K
  class space    used 19094K, capacity 20563K, committed 20608K, reserved 1048576K
}
Event: 4293.482 GC heap after
{Heap after GC invocations=183 (full 0):
 garbage-first heap   total 460800K, used 240405K [0x0000000080000000, 0x0000000100000000)
  region size 1024K, 3 young (3072K), 3 survivors (3072K)
 Metaspace       used 157686K, capacity 161485K, committed 161664K, reserved 1189888K
  class space    used 19094K, capacity 20563K, committed 20608K, reserved 1048576K
}
Event: 4293.601 GC heap before
{Heap before GC invocations=183 (full 0):
 garbage-first heap   total 460800K, used 260885K [0x0000000080000000, 0x0000000100000000)
  region size 1024K, 22 young (22528K), 3 survivors (3072K)
 Metaspace       used 157687K, capacity 161486K, committed 161664K, reserved 1189888K
  class space    used 19094K, capacity 20563K, committed 20608K, reserved 1048576K
}
Event: 4293.626 GC heap after
{Heap after GC invocations=184 (full 0):
 garbage-first heap   total 460800K, used 237194K [0x0000000080000000, 0x0000000100000000)
  region size 1024K, 2 young (2048K), 2 survivors (2048K)
 Metaspace       used 157687K, capacity 161486K, committed 161664K, reserved 1189888K
  class space    used 19094K, capacity 20563K, committed 20608K, reserved 1048576K
}
Event: 4294.282 GC heap before
{Heap before GC invocations=184 (full 0):
 garbage-first heap   total 460800K, used 349834K [0x0000000080000000, 0x0000000100000000)
  region size 1024K, 113 young (115712K), 2 survivors (2048K)
 Metaspace       used 157721K, capacity 161556K, committed 161664K, reserved 1189888K
  class space    used 19095K, capacity 20564K, committed 20608K, reserved 1048576K
}
Event: 4294.295 GC heap after
{Heap after GC invocations=185 (full 0):
 garbage-first heap   total 460800K, used 246459K [0x0000000080000000, 0x0000000100000000)
  region size 1024K, 11 young (11264K), 11 survivors (11264K)
 Metaspace       used 157721K, capacity 161556K, committed 161664K, reserved 1189888K
  class space    used 19095K, capacity 20564K, committed 20608K, reserved 1048576K
}
Event: 4294.810 GC heap before
{Heap before GC invocations=185 (full 0):
 garbage-first heap   total 460800K, used 359099K [0x0000000080000000, 0x0000000100000000)
  region size 1024K, 121 young (123904K), 11 survivors (11264K)
 Metaspace       used 157860K, capacity 161661K, committed 161920K, reserved 1189888K
  class space    used 19103K, capacity 20572K, committed 20608K, reserved 1048576K
}
Event: 4294.831 GC heap after
{Heap after GC invocations=186 (full 0):
 garbage-first heap   total 460800K, used 255953K [0x0000000080000000, 0x0000000100000000)
  region size 1024K, 13 young (13312K), 13 survivors (13312K)
 Metaspace       used 157860K, capacity 161661K, committed 161920K, reserved 1189888K
  class space    used 19103K, capacity 20572K, committed 20608K, reserved 1048576K
}
Event: 4295.303 GC heap before
{Heap before GC invocations=186 (full 0):
 garbage-first heap   total 460800K, used 366545K [0x0000000080000000, 0x0000000100000000)
  region size 1024K, 120 young (122880K), 13 survivors (13312K)
 Metaspace       used 157892K, capacity 161666K, committed 161920K, reserved 1189888K
  class space    used 19103K, capacity 20572K, committed 20608K, reserved 1048576K
}
Event: 4295.326 GC heap after
{Heap after GC invocations=187 (full 0):
 garbage-first heap   total 460800K, used 263679K [0x0000000080000000, 0x0000000100000000)
  region size 1024K, 10 young (10240K), 10 survivors (10240K)
 Metaspace       used 157892K, capacity 161666K, committed 161920K, reserved 1189888K
  class space    used 19103K, capacity 20572K, committed 20608K, reserved 1048576K
}
Event: 4295.811 GC heap before
{Heap before GC invocations=187 (full 0):
 garbage-first heap   total 460800K, used 372223K [0x0000000080000000, 0x0000000100000000)
  region size 1024K, 116 young (118784K), 10 survivors (10240K)
 Metaspace       used 157904K, capacity 161731K, committed 161920K, reserved 1189888K
  class space    used 19103K, capacity 20572K, committed 20608K, reserved 1048576K
}

