# JRE version: OpenJDK Runtime Environment (17.0.9) (build 17.0.9+0--11185874)
# Java VM: OpenJDK 64-Bit Server VM (17.0.9+0--11185874, mixed mode, tiered, compressed oops, compressed class ptrs, g1 gc, windows-amd64)
GC Precious Log:
 CPUs: 4 total, 4 available
 Memory: 10153M
 Large Page Support: Disabled
 NUMA Support: Disabled
 Compressed Oops: Enabled (32-bit)
 Heap Region Size: 1M
 Heap Min Capacity: 8M
 Heap Initial Capacity: 160M
 Heap Max Capacity: 2G
 Pre-touch: Disabled
 Parallel Workers: 4
 Concurrent Workers: 1
 Concurrent Refinement Workers: 4
 Periodic GC: Disabled
Heap:
 garbage-first heap   total 81920K, used 42421K [0x0000000080000000, 0x0000000100000000)
  region size 1024K, 15 young (15360K), 2 survivors (2048K)
 Metaspace       used 40862K, committed 41216K, reserved 1114112K
  class space    used 5339K, committed 5504K, reserved 1048576K
GC Heap History (20 events):
Event: 0.740 GC heap before
{Heap before GC invocations=0 (full 0):
 garbage-first heap   total 163840K, used 16384K [0x0000000080000000, 0x0000000100000000)
  region size 1024K, 13 young (13312K), 0 survivors (0K)
 Metaspace       used 7121K, committed 7296K, reserved 1114112K
  class space    used 612K, committed 704K, reserved 1048576K
}
Event: 0.752 GC heap after
{Heap after GC invocations=1 (full 0):
 garbage-first heap   total 163840K, used 3688K [0x0000000080000000, 0x0000000100000000)
  region size 1024K, 2 young (2048K), 2 survivors (2048K)
 Metaspace       used 7121K, committed 7296K, reserved 1114112K
  class space    used 612K, committed 704K, reserved 1048576K
}
Event: 1.522 GC heap before
{Heap before GC invocations=1 (full 0):
 garbage-first heap   total 163840K, used 22120K [0x0000000080000000, 0x0000000100000000)
  region size 1024K, 17 young (17408K), 2 survivors (2048K)
 Metaspace       used 11102K, committed 11264K, reserved 1114112K
  class space    used 1164K, committed 1280K, reserved 1048576K
}
Event: 1.527 GC heap after
{Heap after GC invocations=2 (full 0):
 garbage-first heap   total 163840K, used 9249K [0x0000000080000000, 0x0000000100000000)
  region size 1024K, 3 young (3072K), 3 survivors (3072K)
 Metaspace       used 11102K, committed 11264K, reserved 1114112K
  class space    used 1164K, committed 1280K, reserved 1048576K
}
Event: 2.081 GC heap before
{Heap before GC invocations=2 (full 0):
 garbage-first heap   total 163840K, used 31777K [0x0000000080000000, 0x0000000100000000)
  region size 1024K, 25 young (25600K), 3 survivors (3072K)
 Metaspace       used 11227K, committed 11392K, reserved 1114112K
  class space    used 1166K, committed 1280K, reserved 1048576K
}
Event: 2.087 GC heap after
{Heap after GC invocations=3 (full 0):
 garbage-first heap   total 163840K, used 13168K [0x0000000080000000, 0x0000000100000000)
  region size 1024K, 4 young (4096K), 4 survivors (4096K)
 Metaspace       used 11227K, committed 11392K, reserved 1114112K
  class space    used 1166K, committed 1280K, reserved 1048576K
}
Event: 4.309 GC heap before
{Heap before GC invocations=3 (full 0):
 garbage-first heap   total 163840K, used 55152K [0x0000000080000000, 0x0000000100000000)
  region size 1024K, 46 young (47104K), 4 survivors (4096K)
 Metaspace       used 21353K, committed 21504K, reserved 1114112K
  class space    used 2663K, committed 2752K, reserved 1048576K
}
Event: 4.318 GC heap after
{Heap after GC invocations=4 (full 0):
 garbage-first heap   total 163840K, used 17349K [0x0000000080000000, 0x0000000100000000)
  region size 1024K, 8 young (8192K), 8 survivors (8192K)
 Metaspace       used 21353K, committed 21504K, reserved 1114112K
  class space    used 2663K, committed 2752K, reserved 1048576K
}
Event: 5.476 GC heap before
{Heap before GC invocations=5 (full 0):
 garbage-first heap   total 61440K, used 48069K [0x0000000080000000, 0x0000000100000000)
  region size 1024K, 39 young (39936K), 8 survivors (8192K)
 Metaspace       used 26684K, committed 26944K, reserved 1114112K
  class space    used 3529K, committed 3648K, reserved 1048576K
}
Event: 5.488 GC heap after
{Heap after GC invocations=6 (full 0):
 garbage-first heap   total 61440K, used 19654K [0x0000000080000000, 0x0000000100000000)
  region size 1024K, 7 young (7168K), 7 survivors (7168K)
 Metaspace       used 26684K, committed 26944K, reserved 1114112K
  class space    used 3529K, committed 3648K, reserved 1048576K
}
Event: 6.438 GC heap before
{Heap before GC invocations=6 (full 0):
 garbage-first heap   total 61440K, used 42182K [0x0000000080000000, 0x0000000100000000)
  region size 1024K, 30 young (30720K), 7 survivors (7168K)
 Metaspace       used 30194K, committed 30464K, reserved 1114112K
  class space    used 4081K, committed 4224K, reserved 1048576K
}
Event: 6.445 GC heap after
{Heap after GC invocations=7 (full 0):
 garbage-first heap   total 61440K, used 20897K [0x0000000080000000, 0x0000000100000000)
  region size 1024K, 4 young (4096K), 4 survivors (4096K)
 Metaspace       used 30194K, committed 30464K, reserved 1114112K
  class space    used 4081K, committed 4224K, reserved 1048576K
}
Event: 7.554 GC heap before
{Heap before GC invocations=7 (full 0):
 garbage-first heap   total 61440K, used 43425K [0x0000000080000000, 0x0000000100000000)
  region size 1024K, 27 young (27648K), 4 survivors (4096K)
 Metaspace       used 35723K, committed 35968K, reserved 1114112K
  class space    used 4726K, committed 4864K, reserved 1048576K
}
Event: 7.560 GC heap after
{Heap after GC invocations=8 (full 0):
 garbage-first heap   total 61440K, used 22894K [0x0000000080000000, 0x0000000100000000)
  region size 1024K, 4 young (4096K), 4 survivors (4096K)
 Metaspace       used 35723K, committed 35968K, reserved 1114112K
  class space    used 4726K, committed 4864K, reserved 1048576K
}
Event: 8.217 GC heap before
{Heap before GC invocations=9 (full 0):
 garbage-first heap   total 61440K, used 45422K [0x0000000080000000, 0x0000000100000000)
  region size 1024K, 27 young (27648K), 4 survivors (4096K)
 Metaspace       used 38196K, committed 38592K, reserved 1114112K
  class space    used 5014K, committed 5184K, reserved 1048576K
}
Event: 8.225 GC heap after
{Heap after GC invocations=10 (full 0):
 garbage-first heap   total 61440K, used 26551K [0x0000000080000000, 0x0000000100000000)
  region size 1024K, 4 young (4096K), 4 survivors (4096K)
 Metaspace       used 38196K, committed 38592K, reserved 1114112K
  class space    used 5014K, committed 5184K, reserved 1048576K
}
Event: 8.250 GC heap before
{Heap before GC invocations=10 (full 0):
 garbage-first heap   total 61440K, used 27575K [0x0000000080000000, 0x0000000100000000)
  region size 1024K, 5 young (5120K), 4 survivors (4096K)
 Metaspace       used 38210K, committed 38592K, reserved 1114112K
  class space    used 5014K, committed 5184K, reserved 1048576K
}
Event: 8.253 GC heap after
{Heap after GC invocations=11 (full 0):
 garbage-first heap   total 61440K, used 26326K [0x0000000080000000, 0x0000000100000000)
  region size 1024K, 1 young (1024K), 1 survivors (1024K)
 Metaspace       used 38210K, committed 38592K, reserved 1114112K
  class space    used 5014K, committed 5184K, reserved 1048576K
}
Event: 8.875 GC heap before
{Heap before GC invocations=11 (full 0):
 garbage-first heap   total 61440K, used 37590K [0x0000000080000000, 0x0000000100000000)
  region size 1024K, 13 young (13312K), 1 survivors (1024K)
 Metaspace       used 39539K, committed 39872K, reserved 1114112K
  class space    used 5211K, committed 5376K, reserved 1048576K
}
Event: 8.878 GC heap after
{Heap after GC invocations=12 (full 0):
 garbage-first heap   total 81920K, used 28085K [0x0000000080000000, 0x0000000100000000)
  region size 1024K, 2 young (2048K), 2 survivors (2048K)
 Metaspace       used 39539K, committed 39872K, reserved 1114112K
  class space    used 5211K, committed 5376K, reserved 1048576K
}

