# JRE version: OpenJDK Runtime Environment (17.0.9) (build 17.0.9+0--11185874)
# Java VM: OpenJDK 64-Bit Server VM (17.0.9+0--11185874, mixed mode, tiered, compressed oops, compressed class ptrs, g1 gc, windows-amd64)
GC Precious Log:
 CPUs: 4 total, 4 available
 Memory: 10153M
 Large Page Support: Disabled
 NUMA Support: Disabled
 Compressed Oops: Enabled (32-bit)
 Heap Region Size: 1M
 Heap Min Capacity: 8M
 Heap Initial Capacity: 160M
 Heap Max Capacity: 2G
 Pre-touch: Disabled
 Parallel Workers: 4
 Concurrent Workers: 1
 Concurrent Refinement Workers: 4
 Periodic GC: Disabled
Heap:
 garbage-first heap   total 527360K, used 376320K [0x0000000080000000, 0x0000000100000000)
  region size 1024K, 56 young (57344K), 15 survivors (15360K)
 Metaspace       used 128666K, committed 129472K, reserved 1179648K
  class space    used 16430K, committed 16832K, reserved 1048576K
GC Heap History (20 events):
Event: 135.747 GC heap before
{Heap before GC invocations=160 (full 0):
 garbage-first heap   total 527360K, used 339228K [0x0000000080000000, 0x0000000100000000)
  region size 1024K, 25 young (25600K), 2 survivors (2048K)
 Metaspace       used 115584K, committed 116224K, reserved 1179648K
  class space    used 15384K, committed 15680K, reserved 1048576K
}
Event: 135.752 GC heap after
{Heap after GC invocations=161 (full 0):
 garbage-first heap   total 527360K, used 263927K [0x0000000080000000, 0x0000000100000000)
  region size 1024K, 2 young (2048K), 2 survivors (2048K)
 Metaspace       used 115584K, committed 116224K, reserved 1179648K
  class space    used 15384K, committed 15680K, reserved 1048576K
}
Event: 136.522 GC heap before
{Heap before GC invocations=161 (full 0):
 garbage-first heap   total 527360K, used 286455K [0x0000000080000000, 0x0000000100000000)
  region size 1024K, 25 young (25600K), 2 survivors (2048K)
 Metaspace       used 115682K, committed 116288K, reserved 1179648K
  class space    used 15395K, committed 15680K, reserved 1048576K
}
Event: 136.534 GC heap after
{Heap after GC invocations=162 (full 0):
 garbage-first heap   total 527360K, used 221581K [0x0000000080000000, 0x0000000100000000)
  region size 1024K, 4 young (4096K), 4 survivors (4096K)
 Metaspace       used 115682K, committed 116288K, reserved 1179648K
  class space    used 15395K, committed 15680K, reserved 1048576K
}
Event: 139.590 GC heap before
{Heap before GC invocations=162 (full 0):
 garbage-first heap   total 527360K, used 419213K [0x0000000080000000, 0x0000000100000000)
  region size 1024K, 163 young (166912K), 4 survivors (4096K)
 Metaspace       used 115766K, committed 116416K, reserved 1179648K
  class space    used 15400K, committed 15680K, reserved 1048576K
}
Event: 139.633 GC heap after
{Heap after GC invocations=163 (full 0):
 garbage-first heap   total 527360K, used 275136K [0x0000000080000000, 0x0000000100000000)
  region size 1024K, 21 young (21504K), 21 survivors (21504K)
 Metaspace       used 115766K, committed 116416K, reserved 1179648K
  class space    used 15400K, committed 15680K, reserved 1048576K
}
Event: 193.468 GC heap before
{Heap before GC invocations=163 (full 0):
 garbage-first heap   total 527360K, used 424640K [0x0000000080000000, 0x0000000100000000)
  region size 1024K, 149 young (152576K), 21 survivors (21504K)
 Metaspace       used 120998K, committed 121600K, reserved 1179648K
  class space    used 15821K, committed 16128K, reserved 1048576K
}
Event: 193.532 GC heap after
{Heap after GC invocations=164 (full 0):
 garbage-first heap   total 527360K, used 256772K [0x0000000080000000, 0x0000000100000000)
  region size 1024K, 9 young (9216K), 9 survivors (9216K)
 Metaspace       used 120998K, committed 121600K, reserved 1179648K
  class space    used 15821K, committed 16128K, reserved 1048576K
}
Event: 198.004 GC heap before
{Heap before GC invocations=164 (full 0):
 garbage-first heap   total 527360K, used 443140K [0x0000000080000000, 0x0000000100000000)
  region size 1024K, 158 young (161792K), 9 survivors (9216K)
 Metaspace       used 125134K, committed 125824K, reserved 1179648K
  class space    used 16159K, committed 16512K, reserved 1048576K
}
Event: 198.021 GC heap after
{Heap after GC invocations=165 (full 0):
 garbage-first heap   total 527360K, used 263873K [0x0000000080000000, 0x0000000100000000)
  region size 1024K, 16 young (16384K), 16 survivors (16384K)
 Metaspace       used 125134K, committed 125824K, reserved 1179648K
  class space    used 16159K, committed 16512K, reserved 1048576K
}
Event: 283.789 GC heap before
{Heap before GC invocations=165 (full 0):
 garbage-first heap   total 527360K, used 418497K [0x0000000080000000, 0x0000000100000000)
  region size 1024K, 166 young (169984K), 16 survivors (16384K)
 Metaspace       used 127533K, committed 128256K, reserved 1179648K
  class space    used 16374K, committed 16704K, reserved 1048576K
}
Event: 283.799 GC heap after
{Heap after GC invocations=166 (full 0):
 garbage-first heap   total 527360K, used 253411K [0x0000000080000000, 0x0000000100000000)
  region size 1024K, 4 young (4096K), 4 survivors (4096K)
 Metaspace       used 127533K, committed 128256K, reserved 1179648K
  class space    used 16374K, committed 16704K, reserved 1048576K
}
Event: 288.928 GC heap before
{Heap before GC invocations=166 (full 0):
 garbage-first heap   total 527360K, used 459235K [0x0000000080000000, 0x0000000100000000)
  region size 1024K, 172 young (176128K), 4 survivors (4096K)
 Metaspace       used 127876K, committed 128576K, reserved 1179648K
  class space    used 16380K, committed 16704K, reserved 1048576K
}
Event: 289.001 GC heap after
{Heap after GC invocations=167 (full 0):
 garbage-first heap   total 527360K, used 292195K [0x0000000080000000, 0x0000000100000000)
  region size 1024K, 22 young (22528K), 22 survivors (22528K)
 Metaspace       used 127876K, committed 128576K, reserved 1179648K
  class space    used 16380K, committed 16704K, reserved 1048576K
}
Event: 291.761 GC heap before
{Heap before GC invocations=167 (full 0):
 garbage-first heap   total 527360K, used 414051K [0x0000000080000000, 0x0000000100000000)
  region size 1024K, 142 young (145408K), 22 survivors (22528K)
 Metaspace       used 128121K, committed 128896K, reserved 1179648K
  class space    used 16391K, committed 16768K, reserved 1048576K
}
Event: 291.786 GC heap after
{Heap after GC invocations=168 (full 0):
 garbage-first heap   total 527360K, used 286720K [0x0000000080000000, 0x0000000100000000)
  region size 1024K, 2 young (2048K), 2 survivors (2048K)
 Metaspace       used 128121K, committed 128896K, reserved 1179648K
  class space    used 16391K, committed 16768K, reserved 1048576K
}
Event: 327.482 GC heap before
{Heap before GC invocations=168 (full 0):
 garbage-first heap   total 527360K, used 441344K [0x0000000080000000, 0x0000000100000000)
  region size 1024K, 137 young (140288K), 2 survivors (2048K)
 Metaspace       used 128540K, committed 129280K, reserved 1179648K
  class space    used 16419K, committed 16768K, reserved 1048576K
}
Event: 327.523 GC heap after
{Heap after GC invocations=169 (full 0):
 garbage-first heap   total 527360K, used 320512K [0x0000000080000000, 0x0000000100000000)
  region size 1024K, 18 young (18432K), 18 survivors (18432K)
 Metaspace       used 128540K, committed 129280K, reserved 1179648K
  class space    used 16419K, committed 16768K, reserved 1048576K
}
Event: 328.592 GC heap before
{Heap before GC invocations=169 (full 0):
 garbage-first heap   total 527360K, used 437248K [0x0000000080000000, 0x0000000100000000)
  region size 1024K, 116 young (118784K), 18 survivors (18432K)
 Metaspace       used 128660K, committed 129472K, reserved 1179648K
  class space    used 16430K, committed 16832K, reserved 1048576K
}
Event: 328.629 GC heap after
{Heap after GC invocations=170 (full 0):
 garbage-first heap   total 527360K, used 336384K [0x0000000080000000, 0x0000000100000000)
  region size 1024K, 15 young (15360K), 15 survivors (15360K)
 Metaspace       used 128660K, committed 129472K, reserved 1179648K
  class space    used 16430K, committed 16832K, reserved 1048576K
}

